Last Updated: Wed Mar 18 05:20:31 UTC 2026
Last Updated: Thu Mar 19 05:15:20 UTC 2026
Last Updated: Fri Mar 20 05:08:16 UTC 2026
Last Updated: Sat Mar 21 04:53:44 UTC 2026
Last Updated: Sun Mar 22 05:11:58 UTC 2026
Last Updated: Mon Mar 23 05:47:16 UTC 2026
Last Updated: Tue Mar 24 05:15:23 UTC 2026
Last Updated: Wed Mar 25 05:16:20 UTC 2026
Last Updated: Thu Mar 26 05:51:02 UTC 2026
Last Updated: Fri Mar 27 05:51:18 UTC 2026
Last Updated: Sat Mar 28 05:14:23 UTC 2026
Last Updated: Sun Mar 29 05:53:36 UTC 2026
Last Updated: Mon Mar 30 06:17:14 UTC 2026
Last Updated: Tue Mar 31 05:56:00 UTC 2026
Last Updated: Wed Apr  1 06:12:31 UTC 2026
Last Updated: Thu Apr  2 05:50:03 UTC 2026
Last Updated: Fri Apr  3 05:50:33 UTC 2026
Last Updated: Sat Apr  4 05:13:59 UTC 2026
Last Updated: Sun Apr  5 05:55:41 UTC 2026
Last Updated: Mon Apr  6 06:17:36 UTC 2026
Last Updated: Tue Apr  7 05:58:25 UTC 2026
Last Updated: Wed Apr  8 06:00:23 UTC 2026
